<?xml version="1.0" encoding="UTF-8"?>
<!-- Generated by org.testng.reporters.JUnitReportReporter -->
<testsuite hostname="Sasi" failures="0" tests="2" name="com.tests.DemoCreateNewUser" time="59.885" errors="0" timestamp="24 Mar 2022 02:33:27 GMT">
  <testcase classname="com.tests.DemoCreateNewUser" name="verifyUsersList" time="13.695"/>
  <testcase classname="com.tests.DemoCreateNewUser" name="test" time="46.190"/>
</testsuite> <!-- com.tests.DemoCreateNewUser -->
