<?xml version="1.0" encoding="UTF-8"?>
<!-- Generated by org.testng.reporters.JUnitReportReporter -->
<testsuite hostname="Sasi" failures="0" tests="3" name="com.tests.DemoCreateNewUserExtentReport" time="30.064" errors="0" timestamp="25 Mar 2022 22:21:18 GMT">
  <testcase classname="com.tests.DemoCreateNewUserExtentReport" name="test" time="10.027"/>
  <testcase classname="com.tests.DemoCreateNewUserExtentReport" name="deleteUser" time="10.023"/>
  <testcase classname="com.tests.DemoCreateNewUserExtentReport" name="verifyUsersList" time="10.014"/>
</testsuite> <!-- com.tests.DemoCreateNewUserExtentReport -->
