<?xml version="1.0" encoding="UTF-8"?>
<!-- Generated by org.testng.reporters.JUnitReportReporter -->
<testsuite hostname="Sasi" failures="0" tests="3" name="com.tests.DemoCreateNewUserAvantStackReport" time="48.985" errors="0" timestamp="26 Mar 2022 02:35:10 GMT">
  <testcase classname="com.tests.DemoCreateNewUserAvantStackReport" name="verifyUsersList" time="0.251"/>
  <testcase classname="com.tests.DemoCreateNewUserAvantStackReport" name="deleteUser" time="5.187"/>
  <testcase classname="com.tests.DemoCreateNewUserAvantStackReport" name="createNewUserTest" time="43.547"/>
</testsuite> <!-- com.tests.DemoCreateNewUserAvantStackReport -->
