<?xml version="1.0" encoding="UTF-8"?>
<!-- Generated by org.testng.reporters.JUnitReportReporter -->
<testsuite hostname="Sasi" failures="0" tests="3" name="com.tests.DemoCreateNewUserAvantStackReportScreen" time="36.208" errors="0" timestamp="25 Mar 2022 22:52:29 GMT">
  <testcase classname="com.tests.DemoCreateNewUserAvantStackReportScreen" name="createNewUserTest" time="30.817"/>
  <testcase classname="com.tests.DemoCreateNewUserAvantStackReportScreen" name="verifyUsersList" time="0.171"/>
  <testcase classname="com.tests.DemoCreateNewUserAvantStackReportScreen" name="deleteUser" time="5.220"/>
</testsuite> <!-- com.tests.DemoCreateNewUserAvantStackReportScreen -->
